<?xml version="1.0" encoding="utf-8"?><testsuites><testsuite errors="0" failures="0" hostname="045afc5117a2" name="pytest" skipped="0" tests="11" time="0.371" timestamp="2025-05-23T01:39:37.952529"><testcase classname="test.rest.api_test.TestApi" name="test_api_add" time="0.006"></testcase><testcase classname="test.rest.api_test.TestApi" name="test_api_divide" time="0.002"></testcase><testcase classname="test.rest.api_test.TestApi" name="test_api_divide_by_zero" time="0.002"></testcase><testcase classname="test.rest.api_test.TestApi" name="test_api_invalid_type" time="0.002"></testcase><testcase classname="test.rest.api_test.TestApi" name="test_api_log10" time="0.002"></testcase><testcase classname="test.rest.api_test.TestApi" name="test_api_log10_zero" time="0.002"></testcase><testcase classname="test.rest.api_test.TestApi" name="test_api_multiply" time="0.002"></testcase><testcase classname="test.rest.api_test.TestApi" name="test_api_power" time="0.002"></testcase><testcase classname="test.rest.api_test.TestApi" name="test_api_sqrt" time="0.002"></testcase><testcase classname="test.rest.api_test.TestApi" name="test_api_sqrt_negative" time="0.002"></testcase><testcase classname="test.rest.api_test.TestApi" name="test_api_substract" time="0.002"></testcase></testsuite></testsuites>